2023-12-07 07:21:16,765 [Worker-3: Loading available Gradle versions] INFO  c.g.t.t.d.PublishedGradleVersions - Gradle version information cache is up-to-date. Trying to read.
2023-12-07 07:23:25,889 [Worker-8: Import Getting Started Content] INFO  o.e.m.c.i.p.ProjectConfigurationManager - Imported and configured 1 project(s) in 0 sec
2023-12-07 07:23:25,894 [Worker-8: Import Getting Started Content] INFO  o.e.m.c.i.p.ProjectConfigurationManager - Update started
2023-12-07 07:23:25,919 [Worker-8: Import Getting Started Content] INFO  o.e.m.c.i.p.ProjectConfigurationManager - Update completed: 0 sec
2023-12-07 07:23:31,122 [Worker-9: reload maven project] ERROR o.e.m.c.i.p.r.ProjectRegistryManager - Failed to read Maven project: 1 problem was encountered while building the effective model for com.tcs:ServiceRegistryApp:0.0.1-SNAPSHOT
[FATAL] Non-resolvable parent POM for com.tcs:ServiceRegistryApp:0.0.1-SNAPSHOT: Failure to find org.springframework.boot:spring-boot-starter-parent:pom:3.1.6.RELEASE in https://repo.maven.apache.org/maven2 was cached in the local repository, resolution will not be reattempted until the update interval of central has elapsed or updates are forced and 'parent.relativePath' points at no local POM @ line 5, column 10
 for project com.tcs:ServiceRegistryApp:0.0.1-SNAPSHOT at D:\MSA\ServiceRegistryApp\pom.xml
org.apache.maven.project.ProjectBuildingException: 1 problem was encountered while building the effective model for com.tcs:ServiceRegistryApp:0.0.1-SNAPSHOT
[FATAL] Non-resolvable parent POM for com.tcs:ServiceRegistryApp:0.0.1-SNAPSHOT: Failure to find org.springframework.boot:spring-boot-starter-parent:pom:3.1.6.RELEASE in https://repo.maven.apache.org/maven2 was cached in the local repository, resolution will not be reattempted until the update interval of central has elapsed or updates are forced and 'parent.relativePath' points at no local POM @ line 5, column 10
 for project com.tcs:ServiceRegistryApp:0.0.1-SNAPSHOT at D:\MSA\ServiceRegistryApp\pom.xml
	at org.apache.maven.project.DefaultProjectBuilder.build(DefaultProjectBuilder.java:165) ~[na:na]
	at org.apache.maven.project.DefaultProjectBuilder.build(DefaultProjectBuilder.java:116) ~[na:na]
	at org.eclipse.m2e.core.internal.embedder.MavenImpl.readMavenProject(MavenImpl.java:636) ~[na:na]
	at org.eclipse.m2e.core.internal.project.registry.ProjectRegistryManager$5.call(ProjectRegistryManager.java:816) ~[na:na]
	at org.eclipse.m2e.core.internal.project.registry.ProjectRegistryManager$5.call(ProjectRegistryManager.java:1) ~[na:na]
	at org.eclipse.m2e.core.internal.embedder.MavenExecutionContext.executeBare(MavenExecutionContext.java:177) ~[na:na]
	at org.eclipse.m2e.core.internal.embedder.MavenExecutionContext.execute(MavenExecutionContext.java:151) ~[na:na]
	at org.eclipse.m2e.core.internal.embedder.MavenExecutionContext.execute(MavenExecutionContext.java:99) ~[na:na]
	at org.eclipse.m2e.core.internal.project.registry.ProjectRegistryManager.execute(ProjectRegistryManager.java:967) ~[na:na]
	at org.eclipse.m2e.core.internal.project.registry.ProjectRegistryManager.readProjectWithDependencies(ProjectRegistryManager.java:811) ~[na:na]
	at org.eclipse.m2e.core.internal.project.registry.ProjectRegistryManager.create(ProjectRegistryManager.java:192) ~[na:na]
	at org.eclipse.m2e.core.internal.project.registry.MavenProjectManager.create(MavenProjectManager.java:80) ~[na:na]
	at org.eclipse.m2e.core.ui.internal.actions.SelectionUtil.getMavenProject(SelectionUtil.java:259) ~[org.eclipse.m2e.core.ui_1.9.1.20180912-1601.jar:na]
	at org.eclipse.m2e.editor.pom.MavenPomEditor.readMavenProject(MavenPomEditor.java:740) ~[na:na]
	at org.eclipse.m2e.editor.pom.MavenPomEditor$5.run(MavenPomEditor.java:1074) ~[na:na]
	at org.eclipse.core.internal.jobs.Worker.run(Worker.java:63) ~[org.eclipse.core.jobs_3.10.100.v20180817-1215.jar:na]
Caused by: org.apache.maven.model.building.ModelBuildingException: 1 problem was encountered while building the effective model for com.tcs:ServiceRegistryApp:0.0.1-SNAPSHOT
[FATAL] Non-resolvable parent POM for com.tcs:ServiceRegistryApp:0.0.1-SNAPSHOT: Failure to find org.springframework.boot:spring-boot-starter-parent:pom:3.1.6.RELEASE in https://repo.maven.apache.org/maven2 was cached in the local repository, resolution will not be reattempted until the update interval of central has elapsed or updates are forced and 'parent.relativePath' points at no local POM @ line 5, column 10

	at org.apache.maven.model.building.DefaultModelProblemCollector.newModelBuildingException(DefaultModelProblemCollector.java:197) ~[na:na]
	at org.apache.maven.model.building.DefaultModelBuilder.readParentExternally(DefaultModelBuilder.java:1082) ~[na:na]
	at org.apache.maven.model.building.DefaultModelBuilder.readParent(DefaultModelBuilder.java:830) ~[na:na]
	at org.apache.maven.model.building.DefaultModelBuilder.build(DefaultModelBuilder.java:332) ~[na:na]
	at org.apache.maven.project.DefaultProjectBuilder.build(DefaultProjectBuilder.java:158) ~[na:na]
	... 15 common frames omitted
2023-12-07 07:23:38,543 [Worker-3: Building workspace] INFO  o.e.m.c.i.l.LifecycleMappingFactory - Using org.eclipse.m2e.jdt.JarLifecycleMapping lifecycle mapping for MavenProject: com.tcs:ServiceRegistryApp:0.0.1-SNAPSHOT @ D:\MSA\ServiceRegistryApp\pom.xml.
2023-12-07 07:23:41,065 [Worker-3: Building workspace] INFO  o.a.m.s.f.DefaultMavenResourcesFiltering - Copying 1 resource from src\main\resources to target\classes
2023-12-07 07:23:41,104 [Worker-3: Building workspace] INFO  o.a.m.s.f.DefaultMavenResourcesFiltering - Copying 0 resource from src\main\resources to target\classes
2023-12-07 07:23:41,107 [Worker-3: Building workspace] INFO  o.a.m.s.f.DefaultMavenResourcesFiltering - skip non existing resourceDirectory D:\MSA\ServiceRegistryApp\src\test\resources
2023-12-07 07:23:52,732 [Worker-9: Updating Maven Project] INFO  o.e.m.c.i.p.ProjectConfigurationManager - Update started
2023-12-07 07:23:53,627 [Worker-9: Updating Maven Project] INFO  o.e.m.c.i.l.LifecycleMappingFactory - Using org.eclipse.m2e.jdt.JarLifecycleMapping lifecycle mapping for MavenProject: com.tcs:ServiceRegistryApp:0.0.1-SNAPSHOT @ D:\MSA\ServiceRegistryApp\pom.xml.
2023-12-07 07:23:54,635 [Worker-9: Updating Maven Project] INFO  o.e.m.j.i.AbstractJavaProjectConfigurator - Adding source folder /ServiceRegistryApp/src/main/java
2023-12-07 07:23:54,635 [Worker-9: Updating Maven Project] INFO  o.e.m.j.i.AbstractJavaProjectConfigurator - Adding resource folder /ServiceRegistryApp/src/main/resources
2023-12-07 07:23:54,643 [Worker-9: Updating Maven Project] INFO  o.e.m.j.i.AbstractJavaProjectConfigurator - Adding resource folder /ServiceRegistryApp/src/main/resources
2023-12-07 07:23:54,651 [Worker-9: Updating Maven Project] INFO  o.e.m.j.i.AbstractJavaProjectConfigurator - Adding source folder /ServiceRegistryApp/src/test/java
2023-12-07 07:23:56,420 [Worker-9: Updating Maven Project] INFO  o.e.m.c.i.p.ProjectConfigurationManager - Update completed: 3 sec
2023-12-07 07:23:59,869 [Worker-7: Building workspace] INFO  o.a.m.s.f.DefaultMavenResourcesFiltering - Copying 1 resource from src\main\resources to target\classes
2023-12-07 07:23:59,884 [Worker-7: Building workspace] INFO  o.a.m.s.f.DefaultMavenResourcesFiltering - Copying 0 resource from src\main\resources to target\classes
2023-12-07 07:23:59,887 [Worker-7: Building workspace] INFO  o.a.m.s.f.DefaultMavenResourcesFiltering - skip non existing resourceDirectory D:\MSA\ServiceRegistryApp\src\test\resources
2023-12-07 07:24:01,134 [Worker-7: Building workspace] INFO  o.a.m.s.f.DefaultMavenResourcesFiltering - Copying 0 resource from src\main\resources to target\classes
2023-12-07 07:24:01,135 [Worker-7: Building workspace] INFO  o.a.m.s.f.DefaultMavenResourcesFiltering - Copying 0 resource from src\main\resources to target\classes
2023-12-07 07:24:01,137 [Worker-7: Building workspace] INFO  o.a.m.s.f.DefaultMavenResourcesFiltering - skip non existing resourceDirectory D:\MSA\ServiceRegistryApp\src\test\resources
2023-12-07 07:24:51,552 [Worker-11: Building workspace] INFO  o.a.m.s.f.DefaultMavenResourcesFiltering - Copying 1 resource from src\main\resources to target\classes
2023-12-07 07:24:51,558 [Worker-11: Building workspace] INFO  o.a.m.s.f.DefaultMavenResourcesFiltering - Copying 0 resource from src\main\resources to target\classes
2023-12-07 07:24:51,562 [Worker-11: Building workspace] INFO  o.a.m.s.f.DefaultMavenResourcesFiltering - skip non existing resourceDirectory D:\MSA\ServiceRegistryApp\src\test\resources
2023-12-07 07:29:18,202 [Worker-14: Building workspace] INFO  o.a.m.s.f.DefaultMavenResourcesFiltering - Copying 1 resource from src\main\resources to target\classes
2023-12-07 07:29:18,210 [Worker-14: Building workspace] INFO  o.a.m.s.f.DefaultMavenResourcesFiltering - Copying 0 resource from src\main\resources to target\classes
2023-12-07 07:29:18,213 [Worker-14: Building workspace] INFO  o.a.m.s.f.DefaultMavenResourcesFiltering - skip non existing resourceDirectory D:\MSA\ServiceRegistryApp\src\test\resources
2023-12-07 07:30:10,735 [Worker-15: Building workspace] INFO  o.a.m.s.f.DefaultMavenResourcesFiltering - Copying 0 resource from src\main\resources to target\classes
2023-12-07 07:30:10,735 [Worker-15: Building workspace] INFO  o.a.m.s.f.DefaultMavenResourcesFiltering - Copying 0 resource from src\main\resources to target\classes
2023-12-07 07:30:10,737 [Worker-15: Building workspace] INFO  o.a.m.s.f.DefaultMavenResourcesFiltering - skip non existing resourceDirectory D:\MSA\ServiceRegistryApp\src\test\resources
2023-12-07 07:31:06,639 [Worker-8: Building workspace] INFO  o.a.m.s.f.DefaultMavenResourcesFiltering - Copying 1 resource from src\main\resources to target\classes
2023-12-07 07:31:06,644 [Worker-8: Building workspace] INFO  o.a.m.s.f.DefaultMavenResourcesFiltering - Copying 0 resource from src\main\resources to target\classes
2023-12-07 07:31:06,646 [Worker-8: Building workspace] INFO  o.a.m.s.f.DefaultMavenResourcesFiltering - skip non existing resourceDirectory D:\MSA\ServiceRegistryApp\src\test\resources
2023-12-07 07:33:13,891 [Worker-15: Import Getting Started Content] INFO  o.e.m.c.i.p.ProjectConfigurationManager - Imported and configured 1 project(s) in 0 sec
2023-12-07 07:33:13,892 [Worker-15: Import Getting Started Content] INFO  o.e.m.c.i.p.ProjectConfigurationManager - Update started
2023-12-07 07:33:13,910 [Worker-15: Import Getting Started Content] INFO  o.e.m.c.i.p.ProjectConfigurationManager - Update completed: 0 sec
2023-12-07 07:33:39,443 [Worker-18: reload maven project] ERROR o.e.m.c.i.p.r.ProjectRegistryManager - Failed to read Maven project: 1 problem was encountered while building the effective model for com.tcs:APIService:0.0.1-SNAPSHOT
[FATAL] Non-resolvable parent POM for com.tcs:APIService:0.0.1-SNAPSHOT: Failure to find org.springframework.boot:spring-boot-starter-parent:pom:3.1.6.RELEASE in https://repo.maven.apache.org/maven2 was cached in the local repository, resolution will not be reattempted until the update interval of central has elapsed or updates are forced and 'parent.relativePath' points at no local POM @ line 5, column 10
 for project com.tcs:APIService:0.0.1-SNAPSHOT at D:\MSA\APIService\pom.xml
org.apache.maven.project.ProjectBuildingException: 1 problem was encountered while building the effective model for com.tcs:APIService:0.0.1-SNAPSHOT
[FATAL] Non-resolvable parent POM for com.tcs:APIService:0.0.1-SNAPSHOT: Failure to find org.springframework.boot:spring-boot-starter-parent:pom:3.1.6.RELEASE in https://repo.maven.apache.org/maven2 was cached in the local repository, resolution will not be reattempted until the update interval of central has elapsed or updates are forced and 'parent.relativePath' points at no local POM @ line 5, column 10
 for project com.tcs:APIService:0.0.1-SNAPSHOT at D:\MSA\APIService\pom.xml
	at org.apache.maven.project.DefaultProjectBuilder.build(DefaultProjectBuilder.java:165) ~[na:na]
	at org.apache.maven.project.DefaultProjectBuilder.build(DefaultProjectBuilder.java:116) ~[na:na]
	at org.eclipse.m2e.core.internal.embedder.MavenImpl.readMavenProject(MavenImpl.java:636) ~[na:na]
	at org.eclipse.m2e.core.internal.project.registry.ProjectRegistryManager$5.call(ProjectRegistryManager.java:816) ~[na:na]
	at org.eclipse.m2e.core.internal.project.registry.ProjectRegistryManager$5.call(ProjectRegistryManager.java:1) ~[na:na]
	at org.eclipse.m2e.core.internal.embedder.MavenExecutionContext.executeBare(MavenExecutionContext.java:177) ~[na:na]
	at org.eclipse.m2e.core.internal.embedder.MavenExecutionContext.execute(MavenExecutionContext.java:151) ~[na:na]
	at org.eclipse.m2e.core.internal.embedder.MavenExecutionContext.execute(MavenExecutionContext.java:99) ~[na:na]
	at org.eclipse.m2e.core.internal.project.registry.ProjectRegistryManager.execute(ProjectRegistryManager.java:967) ~[na:na]
	at org.eclipse.m2e.core.internal.project.registry.ProjectRegistryManager.readProjectWithDependencies(ProjectRegistryManager.java:811) ~[na:na]
	at org.eclipse.m2e.core.internal.project.registry.ProjectRegistryManager.create(ProjectRegistryManager.java:192) ~[na:na]
	at org.eclipse.m2e.core.internal.project.registry.MavenProjectManager.create(MavenProjectManager.java:80) ~[na:na]
	at org.eclipse.m2e.core.ui.internal.actions.SelectionUtil.getMavenProject(SelectionUtil.java:259) ~[org.eclipse.m2e.core.ui_1.9.1.20180912-1601.jar:na]
	at org.eclipse.m2e.editor.pom.MavenPomEditor.readMavenProject(MavenPomEditor.java:740) ~[na:na]
	at org.eclipse.m2e.editor.pom.MavenPomEditor$5.run(MavenPomEditor.java:1074) ~[na:na]
	at org.eclipse.core.internal.jobs.Worker.run(Worker.java:63) ~[org.eclipse.core.jobs_3.10.100.v20180817-1215.jar:na]
Caused by: org.apache.maven.model.building.ModelBuildingException: 1 problem was encountered while building the effective model for com.tcs:APIService:0.0.1-SNAPSHOT
[FATAL] Non-resolvable parent POM for com.tcs:APIService:0.0.1-SNAPSHOT: Failure to find org.springframework.boot:spring-boot-starter-parent:pom:3.1.6.RELEASE in https://repo.maven.apache.org/maven2 was cached in the local repository, resolution will not be reattempted until the update interval of central has elapsed or updates are forced and 'parent.relativePath' points at no local POM @ line 5, column 10

	at org.apache.maven.model.building.DefaultModelProblemCollector.newModelBuildingException(DefaultModelProblemCollector.java:197) ~[na:na]
	at org.apache.maven.model.building.DefaultModelBuilder.readParentExternally(DefaultModelBuilder.java:1082) ~[na:na]
	at org.apache.maven.model.building.DefaultModelBuilder.readParent(DefaultModelBuilder.java:830) ~[na:na]
	at org.apache.maven.model.building.DefaultModelBuilder.build(DefaultModelBuilder.java:332) ~[na:na]
	at org.apache.maven.project.DefaultProjectBuilder.build(DefaultProjectBuilder.java:158) ~[na:na]
	... 15 common frames omitted
2023-12-07 07:33:44,591 [Worker-15: Building workspace] INFO  o.e.m.c.i.l.LifecycleMappingFactory - Using org.eclipse.m2e.jdt.JarLifecycleMapping lifecycle mapping for MavenProject: com.tcs:APIService:0.0.1-SNAPSHOT @ D:\MSA\APIService\pom.xml.
2023-12-07 07:33:45,582 [Worker-15: Building workspace] INFO  o.a.m.s.f.DefaultMavenResourcesFiltering - Copying 1 resource from src\main\resources to target\classes
2023-12-07 07:33:45,584 [Worker-15: Building workspace] INFO  o.a.m.s.f.DefaultMavenResourcesFiltering - Copying 0 resource from src\main\resources to target\classes
2023-12-07 07:33:45,588 [Worker-15: Building workspace] INFO  o.a.m.s.f.DefaultMavenResourcesFiltering - skip non existing resourceDirectory D:\MSA\APIService\src\test\resources
2023-12-07 07:33:55,894 [Worker-15: Updating Maven Project] INFO  o.e.m.c.i.p.ProjectConfigurationManager - Update started
2023-12-07 07:33:56,970 [Worker-15: Updating Maven Project] INFO  o.e.m.c.i.l.LifecycleMappingFactory - Using org.eclipse.m2e.jdt.JarLifecycleMapping lifecycle mapping for MavenProject: com.tcs:APIService:0.0.1-SNAPSHOT @ D:\MSA\APIService\pom.xml.
2023-12-07 07:33:57,882 [Worker-15: Updating Maven Project] INFO  o.e.m.c.i.l.LifecycleMappingFactory - Using org.eclipse.m2e.jdt.JarLifecycleMapping lifecycle mapping for MavenProject: com.tcs:ServiceRegistryApp:0.0.1-SNAPSHOT @ D:\MSA\ServiceRegistryApp\pom.xml.
2023-12-07 07:33:59,116 [Worker-15: Updating Maven Project] INFO  o.e.m.j.i.AbstractJavaProjectConfigurator - Adding source folder /APIService/src/main/java
2023-12-07 07:33:59,116 [Worker-15: Updating Maven Project] INFO  o.e.m.j.i.AbstractJavaProjectConfigurator - Adding resource folder /APIService/src/main/resources
2023-12-07 07:33:59,124 [Worker-15: Updating Maven Project] INFO  o.e.m.j.i.AbstractJavaProjectConfigurator - Adding resource folder /APIService/src/main/resources
2023-12-07 07:33:59,133 [Worker-15: Updating Maven Project] INFO  o.e.m.j.i.AbstractJavaProjectConfigurator - Adding source folder /APIService/src/test/java
2023-12-07 07:33:59,610 [Worker-15: Updating Maven Project] INFO  o.e.m.c.i.p.ProjectConfigurationManager - Update completed: 3 sec
2023-12-07 07:34:01,312 [Worker-18: Building workspace] INFO  o.a.m.s.f.DefaultMavenResourcesFiltering - Copying 1 resource from src\main\resources to target\classes
2023-12-07 07:34:01,329 [Worker-18: Building workspace] INFO  o.a.m.s.f.DefaultMavenResourcesFiltering - Copying 0 resource from src\main\resources to target\classes
2023-12-07 07:34:01,331 [Worker-18: Building workspace] INFO  o.a.m.s.f.DefaultMavenResourcesFiltering - skip non existing resourceDirectory D:\MSA\APIService\src\test\resources
2023-12-07 07:34:02,065 [Worker-18: Building workspace] INFO  o.a.m.s.f.DefaultMavenResourcesFiltering - Copying 0 resource from src\main\resources to target\classes
2023-12-07 07:34:02,065 [Worker-18: Building workspace] INFO  o.a.m.s.f.DefaultMavenResourcesFiltering - Copying 0 resource from src\main\resources to target\classes
2023-12-07 07:34:02,067 [Worker-18: Building workspace] INFO  o.a.m.s.f.DefaultMavenResourcesFiltering - skip non existing resourceDirectory D:\MSA\ServiceRegistryApp\src\test\resources
2023-12-07 07:34:02,235 [Worker-14: Building workspace] INFO  o.a.m.s.f.DefaultMavenResourcesFiltering - Copying 0 resource from src\main\resources to target\classes
2023-12-07 07:34:02,236 [Worker-14: Building workspace] INFO  o.a.m.s.f.DefaultMavenResourcesFiltering - Copying 0 resource from src\main\resources to target\classes
2023-12-07 07:34:02,238 [Worker-14: Building workspace] INFO  o.a.m.s.f.DefaultMavenResourcesFiltering - skip non existing resourceDirectory D:\MSA\APIService\src\test\resources
2023-12-07 07:34:17,064 [Worker-18: Building workspace] INFO  o.a.m.s.f.DefaultMavenResourcesFiltering - Copying 1 resource from src\main\resources to target\classes
2023-12-07 07:34:17,076 [Worker-18: Building workspace] INFO  o.a.m.s.f.DefaultMavenResourcesFiltering - Copying 0 resource from src\main\resources to target\classes
2023-12-07 07:34:17,078 [Worker-18: Building workspace] INFO  o.a.m.s.f.DefaultMavenResourcesFiltering - skip non existing resourceDirectory D:\MSA\APIService\src\test\resources
2023-12-07 07:34:41,868 [Worker-15: Building workspace] INFO  o.a.m.s.f.DefaultMavenResourcesFiltering - Copying 1 resource from src\main\resources to target\classes
2023-12-07 07:34:41,878 [Worker-15: Building workspace] INFO  o.a.m.s.f.DefaultMavenResourcesFiltering - Copying 0 resource from src\main\resources to target\classes
2023-12-07 07:34:41,882 [Worker-15: Building workspace] INFO  o.a.m.s.f.DefaultMavenResourcesFiltering - skip non existing resourceDirectory D:\MSA\APIService\src\test\resources
2023-12-07 07:42:13,013 [Worker-14: Building workspace] INFO  o.a.m.s.f.DefaultMavenResourcesFiltering - Copying 1 resource from src\main\resources to target\classes
2023-12-07 07:42:13,041 [Worker-14: Building workspace] INFO  o.a.m.s.f.DefaultMavenResourcesFiltering - Copying 0 resource from src\main\resources to target\classes
2023-12-07 07:42:13,044 [Worker-14: Building workspace] INFO  o.a.m.s.f.DefaultMavenResourcesFiltering - skip non existing resourceDirectory D:\MSA\APIService\src\test\resources
2023-12-07 07:44:23,774 [Worker-15: Launching APIService - ApiServiceApplication] INFO  o.a.m.s.f.DefaultMavenResourcesFiltering - Copying 1 resource from src\main\resources to target\classes
2023-12-07 07:44:23,790 [Worker-15: Launching APIService - ApiServiceApplication] INFO  o.a.m.s.f.DefaultMavenResourcesFiltering - Copying 0 resource from src\main\resources to target\classes
2023-12-07 07:44:23,794 [Worker-15: Launching APIService - ApiServiceApplication] INFO  o.a.m.s.f.DefaultMavenResourcesFiltering - skip non existing resourceDirectory D:\MSA\APIService\src\test\resources
2023-12-07 07:44:59,862 [Worker-21: Building workspace] INFO  o.a.m.s.f.DefaultMavenResourcesFiltering - Copying 1 resource from src\main\resources to target\classes
2023-12-07 07:44:59,869 [Worker-21: Building workspace] INFO  o.a.m.s.f.DefaultMavenResourcesFiltering - Copying 0 resource from src\main\resources to target\classes
2023-12-07 07:44:59,873 [Worker-21: Building workspace] INFO  o.a.m.s.f.DefaultMavenResourcesFiltering - skip non existing resourceDirectory D:\MSA\APIService\src\test\resources
2023-12-07 07:46:22,967 [Worker-15: Building workspace] INFO  o.a.m.s.f.DefaultMavenResourcesFiltering - Copying 1 resource from src\main\resources to target\classes
2023-12-07 07:46:22,973 [Worker-15: Building workspace] INFO  o.a.m.s.f.DefaultMavenResourcesFiltering - Copying 0 resource from src\main\resources to target\classes
2023-12-07 07:46:22,975 [Worker-15: Building workspace] INFO  o.a.m.s.f.DefaultMavenResourcesFiltering - skip non existing resourceDirectory D:\MSA\APIService\src\test\resources
2023-12-07 07:47:05,218 [Worker-21: Building workspace] INFO  o.a.m.s.f.DefaultMavenResourcesFiltering - Copying 1 resource from src\main\resources to target\classes
2023-12-07 07:47:05,233 [Worker-21: Building workspace] INFO  o.a.m.s.f.DefaultMavenResourcesFiltering - Copying 0 resource from src\main\resources to target\classes
2023-12-07 07:47:05,235 [Worker-21: Building workspace] INFO  o.a.m.s.f.DefaultMavenResourcesFiltering - skip non existing resourceDirectory D:\MSA\APIService\src\test\resources
2023-12-07 07:47:52,715 [Worker-15: Building workspace] INFO  o.a.m.s.f.DefaultMavenResourcesFiltering - Copying 1 resource from src\main\resources to target\classes
2023-12-07 07:47:52,723 [Worker-15: Building workspace] INFO  o.a.m.s.f.DefaultMavenResourcesFiltering - Copying 0 resource from src\main\resources to target\classes
2023-12-07 07:47:52,725 [Worker-15: Building workspace] INFO  o.a.m.s.f.DefaultMavenResourcesFiltering - skip non existing resourceDirectory D:\MSA\APIService\src\test\resources
2023-12-07 07:49:16,789 [Worker-19: Building workspace] INFO  o.a.m.s.f.DefaultMavenResourcesFiltering - Copying 1 resource from src\main\resources to target\classes
2023-12-07 07:49:16,794 [Worker-19: Building workspace] INFO  o.a.m.s.f.DefaultMavenResourcesFiltering - Copying 0 resource from src\main\resources to target\classes
2023-12-07 07:49:16,795 [Worker-19: Building workspace] INFO  o.a.m.s.f.DefaultMavenResourcesFiltering - skip non existing resourceDirectory D:\MSA\APIService\src\test\resources
2023-12-07 07:49:39,420 [Worker-8: Launching APIService - ApiServiceApplication] INFO  o.a.m.s.f.DefaultMavenResourcesFiltering - Copying 1 resource from src\main\resources to target\classes
2023-12-07 07:49:39,424 [Worker-8: Launching APIService - ApiServiceApplication] INFO  o.a.m.s.f.DefaultMavenResourcesFiltering - Copying 0 resource from src\main\resources to target\classes
2023-12-07 07:49:39,425 [Worker-8: Launching APIService - ApiServiceApplication] INFO  o.a.m.s.f.DefaultMavenResourcesFiltering - skip non existing resourceDirectory D:\MSA\APIService\src\test\resources
2023-12-07 07:53:45,769 [Worker-15: Building workspace] INFO  o.a.m.s.f.DefaultMavenResourcesFiltering - Copying 1 resource from src\main\resources to target\classes
2023-12-07 07:53:45,784 [Worker-15: Building workspace] INFO  o.a.m.s.f.DefaultMavenResourcesFiltering - Copying 0 resource from src\main\resources to target\classes
2023-12-07 07:53:45,786 [Worker-15: Building workspace] INFO  o.a.m.s.f.DefaultMavenResourcesFiltering - skip non existing resourceDirectory D:\MSA\APIService\src\test\resources
2023-12-07 07:54:12,767 [Worker-21: Building workspace] INFO  o.a.m.s.f.DefaultMavenResourcesFiltering - Copying 1 resource from src\main\resources to target\classes
2023-12-07 07:54:12,782 [Worker-21: Building workspace] INFO  o.a.m.s.f.DefaultMavenResourcesFiltering - Copying 0 resource from src\main\resources to target\classes
2023-12-07 07:54:12,783 [Worker-21: Building workspace] INFO  o.a.m.s.f.DefaultMavenResourcesFiltering - skip non existing resourceDirectory D:\MSA\APIService\src\test\resources
2023-12-07 07:54:36,586 [Worker-15: Building workspace] INFO  o.a.m.s.f.DefaultMavenResourcesFiltering - Copying 1 resource from src\main\resources to target\classes
2023-12-07 07:54:36,601 [Worker-15: Building workspace] INFO  o.a.m.s.f.DefaultMavenResourcesFiltering - Copying 0 resource from src\main\resources to target\classes
2023-12-07 07:54:36,604 [Worker-15: Building workspace] INFO  o.a.m.s.f.DefaultMavenResourcesFiltering - skip non existing resourceDirectory D:\MSA\APIService\src\test\resources
2023-12-07 07:56:08,152 [Worker-19: Building workspace] INFO  o.a.m.s.f.DefaultMavenResourcesFiltering - Copying 1 resource from src\main\resources to target\classes
2023-12-07 07:56:08,166 [Worker-19: Building workspace] INFO  o.a.m.s.f.DefaultMavenResourcesFiltering - Copying 0 resource from src\main\resources to target\classes
2023-12-07 07:56:08,168 [Worker-19: Building workspace] INFO  o.a.m.s.f.DefaultMavenResourcesFiltering - skip non existing resourceDirectory D:\MSA\APIService\src\test\resources
2023-12-07 07:56:54,908 [Worker-8: Building workspace] INFO  o.a.m.s.f.DefaultMavenResourcesFiltering - Copying 1 resource from src\main\resources to target\classes
2023-12-07 07:56:54,912 [Worker-8: Building workspace] INFO  o.a.m.s.f.DefaultMavenResourcesFiltering - Copying 0 resource from src\main\resources to target\classes
2023-12-07 07:56:54,914 [Worker-8: Building workspace] INFO  o.a.m.s.f.DefaultMavenResourcesFiltering - skip non existing resourceDirectory D:\MSA\APIService\src\test\resources
2023-12-07 07:57:47,325 [Worker-21: Building workspace] INFO  o.a.m.s.f.DefaultMavenResourcesFiltering - Copying 1 resource from src\main\resources to target\classes
2023-12-07 07:57:47,334 [Worker-21: Building workspace] INFO  o.a.m.s.f.DefaultMavenResourcesFiltering - Copying 0 resource from src\main\resources to target\classes
2023-12-07 07:57:47,335 [Worker-21: Building workspace] INFO  o.a.m.s.f.DefaultMavenResourcesFiltering - skip non existing resourceDirectory D:\MSA\APIService\src\test\resources
2023-12-07 07:58:30,480 [Worker-24: Building workspace] INFO  o.a.m.s.f.DefaultMavenResourcesFiltering - Copying 1 resource from src\main\resources to target\classes
2023-12-07 07:58:30,494 [Worker-24: Building workspace] INFO  o.a.m.s.f.DefaultMavenResourcesFiltering - Copying 0 resource from src\main\resources to target\classes
2023-12-07 07:58:30,495 [Worker-24: Building workspace] INFO  o.a.m.s.f.DefaultMavenResourcesFiltering - skip non existing resourceDirectory D:\MSA\APIService\src\test\resources
2023-12-07 07:58:56,619 [Worker-21: Building workspace] INFO  o.a.m.s.f.DefaultMavenResourcesFiltering - Copying 1 resource from src\main\resources to target\classes
2023-12-07 07:58:56,633 [Worker-21: Building workspace] INFO  o.a.m.s.f.DefaultMavenResourcesFiltering - Copying 0 resource from src\main\resources to target\classes
2023-12-07 07:58:56,636 [Worker-21: Building workspace] INFO  o.a.m.s.f.DefaultMavenResourcesFiltering - skip non existing resourceDirectory D:\MSA\APIService\src\test\resources
2023-12-07 07:59:16,084 [Worker-24: Building workspace] INFO  o.a.m.s.f.DefaultMavenResourcesFiltering - Copying 1 resource from src\main\resources to target\classes
2023-12-07 07:59:16,091 [Worker-24: Building workspace] INFO  o.a.m.s.f.DefaultMavenResourcesFiltering - Copying 0 resource from src\main\resources to target\classes
2023-12-07 07:59:16,093 [Worker-24: Building workspace] INFO  o.a.m.s.f.DefaultMavenResourcesFiltering - skip non existing resourceDirectory D:\MSA\APIService\src\test\resources
2023-12-07 08:00:04,761 [Worker-21: Building workspace] INFO  o.a.m.s.f.DefaultMavenResourcesFiltering - Copying 1 resource from src\main\resources to target\classes
2023-12-07 08:00:04,764 [Worker-21: Building workspace] INFO  o.a.m.s.f.DefaultMavenResourcesFiltering - Copying 0 resource from src\main\resources to target\classes
2023-12-07 08:00:04,765 [Worker-21: Building workspace] INFO  o.a.m.s.f.DefaultMavenResourcesFiltering - skip non existing resourceDirectory D:\MSA\APIService\src\test\resources
2023-12-07 08:01:34,105 [Worker-15: Building workspace] INFO  o.a.m.s.f.DefaultMavenResourcesFiltering - Copying 1 resource from src\main\resources to target\classes
2023-12-07 08:01:34,109 [Worker-15: Building workspace] INFO  o.a.m.s.f.DefaultMavenResourcesFiltering - Copying 0 resource from src\main\resources to target\classes
2023-12-07 08:01:34,110 [Worker-15: Building workspace] INFO  o.a.m.s.f.DefaultMavenResourcesFiltering - skip non existing resourceDirectory D:\MSA\APIService\src\test\resources
2023-12-07 08:02:43,826 [Worker-25: Building workspace] INFO  o.a.m.s.f.DefaultMavenResourcesFiltering - Copying 1 resource from src\main\resources to target\classes
2023-12-07 08:02:43,829 [Worker-25: Building workspace] INFO  o.a.m.s.f.DefaultMavenResourcesFiltering - Copying 0 resource from src\main\resources to target\classes
2023-12-07 08:02:43,830 [Worker-25: Building workspace] INFO  o.a.m.s.f.DefaultMavenResourcesFiltering - skip non existing resourceDirectory D:\MSA\APIService\src\test\resources
2023-12-07 08:05:29,296 [Worker-24: Building workspace] INFO  o.a.m.s.f.DefaultMavenResourcesFiltering - Copying 1 resource from src\main\resources to target\classes
2023-12-07 08:05:29,305 [Worker-24: Building workspace] INFO  o.a.m.s.f.DefaultMavenResourcesFiltering - Copying 0 resource from src\main\resources to target\classes
2023-12-07 08:05:29,307 [Worker-24: Building workspace] INFO  o.a.m.s.f.DefaultMavenResourcesFiltering - skip non existing resourceDirectory D:\MSA\APIService\src\test\resources
2023-12-07 08:07:27,259 [Worker-21: Building workspace] INFO  o.a.m.s.f.DefaultMavenResourcesFiltering - Copying 1 resource from src\main\resources to target\classes
2023-12-07 08:07:27,268 [Worker-21: Building workspace] INFO  o.a.m.s.f.DefaultMavenResourcesFiltering - Copying 0 resource from src\main\resources to target\classes
2023-12-07 08:07:27,270 [Worker-21: Building workspace] INFO  o.a.m.s.f.DefaultMavenResourcesFiltering - skip non existing resourceDirectory D:\MSA\APIService\src\test\resources
2023-12-07 08:07:42,539 [Worker-23: Building workspace] INFO  o.a.m.s.f.DefaultMavenResourcesFiltering - Copying 1 resource from src\main\resources to target\classes
2023-12-07 08:07:42,542 [Worker-23: Building workspace] INFO  o.a.m.s.f.DefaultMavenResourcesFiltering - Copying 0 resource from src\main\resources to target\classes
2023-12-07 08:07:42,542 [Worker-23: Building workspace] INFO  o.a.m.s.f.DefaultMavenResourcesFiltering - skip non existing resourceDirectory D:\MSA\APIService\src\test\resources
2023-12-07 08:10:17,018 [Worker-21: Building workspace] INFO  o.a.m.s.f.DefaultMavenResourcesFiltering - Copying 1 resource from src\main\resources to target\classes
2023-12-07 08:10:17,022 [Worker-21: Building workspace] INFO  o.a.m.s.f.DefaultMavenResourcesFiltering - Copying 0 resource from src\main\resources to target\classes
2023-12-07 08:10:17,023 [Worker-21: Building workspace] INFO  o.a.m.s.f.DefaultMavenResourcesFiltering - skip non existing resourceDirectory D:\MSA\APIService\src\test\resources
2023-12-07 08:11:52,448 [Worker-25: Building workspace] INFO  o.a.m.s.f.DefaultMavenResourcesFiltering - Copying 1 resource from src\main\resources to target\classes
2023-12-07 08:11:52,460 [Worker-25: Building workspace] INFO  o.a.m.s.f.DefaultMavenResourcesFiltering - Copying 0 resource from src\main\resources to target\classes
2023-12-07 08:11:52,462 [Worker-25: Building workspace] INFO  o.a.m.s.f.DefaultMavenResourcesFiltering - skip non existing resourceDirectory D:\MSA\APIService\src\test\resources
2023-12-07 08:12:25,628 [Worker-23: Building workspace] INFO  o.a.m.s.f.DefaultMavenResourcesFiltering - Copying 1 resource from src\main\resources to target\classes
2023-12-07 08:12:25,631 [Worker-23: Building workspace] INFO  o.a.m.s.f.DefaultMavenResourcesFiltering - Copying 0 resource from src\main\resources to target\classes
2023-12-07 08:12:25,632 [Worker-23: Building workspace] INFO  o.a.m.s.f.DefaultMavenResourcesFiltering - skip non existing resourceDirectory D:\MSA\APIService\src\test\resources
2023-12-07 08:13:09,561 [Worker-15: Building workspace] INFO  o.a.m.s.f.DefaultMavenResourcesFiltering - Copying 1 resource from src\main\resources to target\classes
2023-12-07 08:13:09,566 [Worker-15: Building workspace] INFO  o.a.m.s.f.DefaultMavenResourcesFiltering - Copying 0 resource from src\main\resources to target\classes
2023-12-07 08:13:09,567 [Worker-15: Building workspace] INFO  o.a.m.s.f.DefaultMavenResourcesFiltering - skip non existing resourceDirectory D:\MSA\APIService\src\test\resources
2023-12-07 08:14:53,154 [Worker-23: Building workspace] INFO  o.a.m.s.f.DefaultMavenResourcesFiltering - Copying 1 resource from src\main\resources to target\classes
2023-12-07 08:14:53,164 [Worker-23: Building workspace] INFO  o.a.m.s.f.DefaultMavenResourcesFiltering - Copying 0 resource from src\main\resources to target\classes
2023-12-07 08:14:53,165 [Worker-23: Building workspace] INFO  o.a.m.s.f.DefaultMavenResourcesFiltering - skip non existing resourceDirectory D:\MSA\APIService\src\test\resources
2023-12-07 08:14:56,016 [Worker-24: Building workspace] INFO  o.a.m.s.f.DefaultMavenResourcesFiltering - Copying 1 resource from src\main\resources to target\classes
2023-12-07 08:14:56,026 [Worker-24: Building workspace] INFO  o.a.m.s.f.DefaultMavenResourcesFiltering - Copying 0 resource from src\main\resources to target\classes
2023-12-07 08:14:56,027 [Worker-24: Building workspace] INFO  o.a.m.s.f.DefaultMavenResourcesFiltering - skip non existing resourceDirectory D:\MSA\APIService\src\test\resources
2023-12-07 08:15:04,857 [Worker-8: Building workspace] INFO  o.a.m.s.f.DefaultMavenResourcesFiltering - Copying 1 resource from src\main\resources to target\classes
2023-12-07 08:15:04,865 [Worker-8: Building workspace] INFO  o.a.m.s.f.DefaultMavenResourcesFiltering - Copying 0 resource from src\main\resources to target\classes
2023-12-07 08:15:04,866 [Worker-8: Building workspace] INFO  o.a.m.s.f.DefaultMavenResourcesFiltering - skip non existing resourceDirectory D:\MSA\APIService\src\test\resources
2023-12-07 08:15:14,640 [Worker-19: Building workspace] INFO  o.a.m.s.f.DefaultMavenResourcesFiltering - Copying 1 resource from src\main\resources to target\classes
2023-12-07 08:15:14,644 [Worker-19: Building workspace] INFO  o.a.m.s.f.DefaultMavenResourcesFiltering - Copying 0 resource from src\main\resources to target\classes
2023-12-07 08:15:14,645 [Worker-19: Building workspace] INFO  o.a.m.s.f.DefaultMavenResourcesFiltering - skip non existing resourceDirectory D:\MSA\APIService\src\test\resources
2023-12-07 08:16:21,661 [Worker-8: Building workspace] INFO  o.a.m.s.f.DefaultMavenResourcesFiltering - Copying 1 resource from src\main\resources to target\classes
2023-12-07 08:16:21,671 [Worker-8: Building workspace] INFO  o.a.m.s.f.DefaultMavenResourcesFiltering - Copying 0 resource from src\main\resources to target\classes
2023-12-07 08:16:21,672 [Worker-8: Building workspace] INFO  o.a.m.s.f.DefaultMavenResourcesFiltering - skip non existing resourceDirectory D:\MSA\APIService\src\test\resources
2023-12-07 08:16:29,505 [Worker-15: Building workspace] INFO  o.a.m.s.f.DefaultMavenResourcesFiltering - Copying 1 resource from src\main\resources to target\classes
2023-12-07 08:16:29,508 [Worker-15: Building workspace] INFO  o.a.m.s.f.DefaultMavenResourcesFiltering - Copying 0 resource from src\main\resources to target\classes
2023-12-07 08:16:29,508 [Worker-15: Building workspace] INFO  o.a.m.s.f.DefaultMavenResourcesFiltering - skip non existing resourceDirectory D:\MSA\APIService\src\test\resources
2023-12-07 08:18:51,392 [Worker-15: Building workspace] INFO  o.a.m.s.f.DefaultMavenResourcesFiltering - Copying 1 resource from src\main\resources to target\classes
2023-12-07 08:18:51,395 [Worker-15: Building workspace] INFO  o.a.m.s.f.DefaultMavenResourcesFiltering - Copying 0 resource from src\main\resources to target\classes
2023-12-07 08:18:51,396 [Worker-15: Building workspace] INFO  o.a.m.s.f.DefaultMavenResourcesFiltering - skip non existing resourceDirectory D:\MSA\APIService\src\test\resources
2023-12-07 08:19:24,749 [Worker-21: Building workspace] INFO  o.a.m.s.f.DefaultMavenResourcesFiltering - Copying 1 resource from src\main\resources to target\classes
2023-12-07 08:19:24,755 [Worker-21: Building workspace] INFO  o.a.m.s.f.DefaultMavenResourcesFiltering - Copying 0 resource from src\main\resources to target\classes
2023-12-07 08:19:24,757 [Worker-21: Building workspace] INFO  o.a.m.s.f.DefaultMavenResourcesFiltering - skip non existing resourceDirectory D:\MSA\APIService\src\test\resources
2023-12-07 08:19:49,006 [Worker-23: Building workspace] INFO  o.a.m.s.f.DefaultMavenResourcesFiltering - Copying 1 resource from src\main\resources to target\classes
2023-12-07 08:19:49,016 [Worker-23: Building workspace] INFO  o.a.m.s.f.DefaultMavenResourcesFiltering - Copying 0 resource from src\main\resources to target\classes
2023-12-07 08:19:49,018 [Worker-23: Building workspace] INFO  o.a.m.s.f.DefaultMavenResourcesFiltering - skip non existing resourceDirectory D:\MSA\APIService\src\test\resources
2023-12-07 08:21:25,937 [Worker-8: Building workspace] INFO  o.a.m.s.f.DefaultMavenResourcesFiltering - Copying 1 resource from src\main\resources to target\classes
2023-12-07 08:21:25,947 [Worker-8: Building workspace] INFO  o.a.m.s.f.DefaultMavenResourcesFiltering - Copying 0 resource from src\main\resources to target\classes
2023-12-07 08:21:25,948 [Worker-8: Building workspace] INFO  o.a.m.s.f.DefaultMavenResourcesFiltering - skip non existing resourceDirectory D:\MSA\APIService\src\test\resources
2023-12-07 08:22:57,459 [Worker-19: Building workspace] INFO  o.a.m.s.f.DefaultMavenResourcesFiltering - Copying 1 resource from src\main\resources to target\classes
2023-12-07 08:22:57,467 [Worker-19: Building workspace] INFO  o.a.m.s.f.DefaultMavenResourcesFiltering - Copying 0 resource from src\main\resources to target\classes
2023-12-07 08:22:57,468 [Worker-19: Building workspace] INFO  o.a.m.s.f.DefaultMavenResourcesFiltering - skip non existing resourceDirectory D:\MSA\APIService\src\test\resources
2023-12-07 08:24:49,049 [Worker-8: Building workspace] INFO  o.a.m.s.f.DefaultMavenResourcesFiltering - Copying 1 resource from src\main\resources to target\classes
2023-12-07 08:24:49,052 [Worker-8: Building workspace] INFO  o.a.m.s.f.DefaultMavenResourcesFiltering - Copying 0 resource from src\main\resources to target\classes
2023-12-07 08:24:49,053 [Worker-8: Building workspace] INFO  o.a.m.s.f.DefaultMavenResourcesFiltering - skip non existing resourceDirectory D:\MSA\APIService\src\test\resources
2023-12-07 08:25:39,249 [Worker-21: Building workspace] INFO  o.a.m.s.f.DefaultMavenResourcesFiltering - Copying 1 resource from src\main\resources to target\classes
2023-12-07 08:25:39,257 [Worker-21: Building workspace] INFO  o.a.m.s.f.DefaultMavenResourcesFiltering - Copying 0 resource from src\main\resources to target\classes
2023-12-07 08:25:39,258 [Worker-21: Building workspace] INFO  o.a.m.s.f.DefaultMavenResourcesFiltering - skip non existing resourceDirectory D:\MSA\APIService\src\test\resources
2023-12-07 08:29:27,676 [Worker-24: Launching APIService - ApiServiceApplication] INFO  o.a.m.s.f.DefaultMavenResourcesFiltering - Copying 1 resource from src\main\resources to target\classes
2023-12-07 08:29:27,688 [Worker-24: Launching APIService - ApiServiceApplication] INFO  o.a.m.s.f.DefaultMavenResourcesFiltering - Copying 0 resource from src\main\resources to target\classes
2023-12-07 08:29:27,689 [Worker-24: Launching APIService - ApiServiceApplication] INFO  o.a.m.s.f.DefaultMavenResourcesFiltering - skip non existing resourceDirectory D:\MSA\APIService\src\test\resources
2023-12-07 08:30:11,400 [Worker-26: Building workspace] INFO  o.a.m.s.f.DefaultMavenResourcesFiltering - Copying 1 resource from src\main\resources to target\classes
2023-12-07 08:30:11,413 [Worker-26: Building workspace] INFO  o.a.m.s.f.DefaultMavenResourcesFiltering - Copying 0 resource from src\main\resources to target\classes
2023-12-07 08:30:11,415 [Worker-26: Building workspace] INFO  o.a.m.s.f.DefaultMavenResourcesFiltering - skip non existing resourceDirectory D:\MSA\APIService\src\test\resources
2023-12-07 08:33:28,957 [Worker-24: Import Getting Started Content] INFO  o.e.m.c.i.p.ProjectConfigurationManager - Imported and configured 1 project(s) in 0 sec
2023-12-07 08:33:28,959 [Worker-24: Import Getting Started Content] INFO  o.e.m.c.i.p.ProjectConfigurationManager - Update started
2023-12-07 08:33:28,973 [Worker-24: Import Getting Started Content] INFO  o.e.m.c.i.p.ProjectConfigurationManager - Update completed: 0 sec
2023-12-07 08:33:32,791 [Worker-15: reload maven project] ERROR o.e.m.c.i.p.r.ProjectRegistryManager - Failed to read Maven project: 1 problem was encountered while building the effective model for com.tcs:FeignApp:0.0.1-SNAPSHOT
[FATAL] Non-resolvable parent POM for com.tcs:FeignApp:0.0.1-SNAPSHOT: Failure to find org.springframework.boot:spring-boot-starter-parent:pom:3.1.6.RELEASE in https://repo.maven.apache.org/maven2 was cached in the local repository, resolution will not be reattempted until the update interval of central has elapsed or updates are forced and 'parent.relativePath' points at no local POM @ line 5, column 10
 for project com.tcs:FeignApp:0.0.1-SNAPSHOT at D:\MSA\FeignApp\pom.xml
org.apache.maven.project.ProjectBuildingException: 1 problem was encountered while building the effective model for com.tcs:FeignApp:0.0.1-SNAPSHOT
[FATAL] Non-resolvable parent POM for com.tcs:FeignApp:0.0.1-SNAPSHOT: Failure to find org.springframework.boot:spring-boot-starter-parent:pom:3.1.6.RELEASE in https://repo.maven.apache.org/maven2 was cached in the local repository, resolution will not be reattempted until the update interval of central has elapsed or updates are forced and 'parent.relativePath' points at no local POM @ line 5, column 10
 for project com.tcs:FeignApp:0.0.1-SNAPSHOT at D:\MSA\FeignApp\pom.xml
	at org.apache.maven.project.DefaultProjectBuilder.build(DefaultProjectBuilder.java:165) ~[na:na]
	at org.apache.maven.project.DefaultProjectBuilder.build(DefaultProjectBuilder.java:116) ~[na:na]
	at org.eclipse.m2e.core.internal.embedder.MavenImpl.readMavenProject(MavenImpl.java:636) ~[na:na]
	at org.eclipse.m2e.core.internal.project.registry.ProjectRegistryManager$5.call(ProjectRegistryManager.java:816) ~[na:na]
	at org.eclipse.m2e.core.internal.project.registry.ProjectRegistryManager$5.call(ProjectRegistryManager.java:1) ~[na:na]
	at org.eclipse.m2e.core.internal.embedder.MavenExecutionContext.executeBare(MavenExecutionContext.java:177) ~[na:na]
	at org.eclipse.m2e.core.internal.embedder.MavenExecutionContext.execute(MavenExecutionContext.java:151) ~[na:na]
	at org.eclipse.m2e.core.internal.embedder.MavenExecutionContext.execute(MavenExecutionContext.java:99) ~[na:na]
	at org.eclipse.m2e.core.internal.project.registry.ProjectRegistryManager.execute(ProjectRegistryManager.java:967) ~[na:na]
	at org.eclipse.m2e.core.internal.project.registry.ProjectRegistryManager.readProjectWithDependencies(ProjectRegistryManager.java:811) ~[na:na]
	at org.eclipse.m2e.core.internal.project.registry.ProjectRegistryManager.create(ProjectRegistryManager.java:192) ~[na:na]
	at org.eclipse.m2e.core.internal.project.registry.MavenProjectManager.create(MavenProjectManager.java:80) ~[na:na]
	at org.eclipse.m2e.core.ui.internal.actions.SelectionUtil.getMavenProject(SelectionUtil.java:259) ~[org.eclipse.m2e.core.ui_1.9.1.20180912-1601.jar:na]
	at org.eclipse.m2e.editor.pom.MavenPomEditor.readMavenProject(MavenPomEditor.java:740) ~[na:na]
	at org.eclipse.m2e.editor.pom.MavenPomEditor$5.run(MavenPomEditor.java:1074) ~[na:na]
	at org.eclipse.core.internal.jobs.Worker.run(Worker.java:63) ~[org.eclipse.core.jobs_3.10.100.v20180817-1215.jar:na]
Caused by: org.apache.maven.model.building.ModelBuildingException: 1 problem was encountered while building the effective model for com.tcs:FeignApp:0.0.1-SNAPSHOT
[FATAL] Non-resolvable parent POM for com.tcs:FeignApp:0.0.1-SNAPSHOT: Failure to find org.springframework.boot:spring-boot-starter-parent:pom:3.1.6.RELEASE in https://repo.maven.apache.org/maven2 was cached in the local repository, resolution will not be reattempted until the update interval of central has elapsed or updates are forced and 'parent.relativePath' points at no local POM @ line 5, column 10

	at org.apache.maven.model.building.DefaultModelProblemCollector.newModelBuildingException(DefaultModelProblemCollector.java:197) ~[na:na]
	at org.apache.maven.model.building.DefaultModelBuilder.readParentExternally(DefaultModelBuilder.java:1082) ~[na:na]
	at org.apache.maven.model.building.DefaultModelBuilder.readParent(DefaultModelBuilder.java:830) ~[na:na]
	at org.apache.maven.model.building.DefaultModelBuilder.build(DefaultModelBuilder.java:332) ~[na:na]
	at org.apache.maven.project.DefaultProjectBuilder.build(DefaultProjectBuilder.java:158) ~[na:na]
	... 15 common frames omitted
2023-12-07 08:33:37,309 [Worker-24: Building workspace] INFO  o.e.m.c.i.l.LifecycleMappingFactory - Using org.eclipse.m2e.jdt.JarLifecycleMapping lifecycle mapping for MavenProject: com.tcs:FeignApp:0.0.1-SNAPSHOT @ D:\MSA\FeignApp\pom.xml.
2023-12-07 08:33:38,150 [Worker-24: Building workspace] INFO  o.a.m.s.f.DefaultMavenResourcesFiltering - Copying 1 resource from src\main\resources to target\classes
2023-12-07 08:33:38,151 [Worker-24: Building workspace] INFO  o.a.m.s.f.DefaultMavenResourcesFiltering - Copying 0 resource from src\main\resources to target\classes
2023-12-07 08:33:38,154 [Worker-24: Building workspace] INFO  o.a.m.s.f.DefaultMavenResourcesFiltering - skip non existing resourceDirectory D:\MSA\FeignApp\src\test\resources
2023-12-07 08:33:50,829 [Worker-21: Updating Maven Project] INFO  o.e.m.c.i.p.ProjectConfigurationManager - Update started
2023-12-07 08:33:52,113 [Worker-21: Updating Maven Project] INFO  o.e.m.c.i.l.LifecycleMappingFactory - Using org.eclipse.m2e.jdt.JarLifecycleMapping lifecycle mapping for MavenProject: com.tcs:FeignApp:0.0.1-SNAPSHOT @ D:\MSA\FeignApp\pom.xml.
2023-12-07 08:33:52,634 [Worker-21: Updating Maven Project] INFO  o.e.m.c.i.l.LifecycleMappingFactory - Using org.eclipse.m2e.jdt.JarLifecycleMapping lifecycle mapping for MavenProject: com.tcs:APIService:0.0.1-SNAPSHOT @ D:\MSA\APIService\pom.xml.
2023-12-07 08:33:52,987 [Worker-21: Updating Maven Project] INFO  o.e.m.c.i.l.LifecycleMappingFactory - Using org.eclipse.m2e.jdt.JarLifecycleMapping lifecycle mapping for MavenProject: com.tcs:ServiceRegistryApp:0.0.1-SNAPSHOT @ D:\MSA\ServiceRegistryApp\pom.xml.
2023-12-07 08:33:54,127 [Worker-21: Updating Maven Project] INFO  o.e.m.j.i.AbstractJavaProjectConfigurator - Adding source folder /FeignApp/src/main/java
2023-12-07 08:33:54,127 [Worker-21: Updating Maven Project] INFO  o.e.m.j.i.AbstractJavaProjectConfigurator - Adding resource folder /FeignApp/src/main/resources
2023-12-07 08:33:54,132 [Worker-21: Updating Maven Project] INFO  o.e.m.j.i.AbstractJavaProjectConfigurator - Adding resource folder /FeignApp/src/main/resources
2023-12-07 08:33:54,197 [Worker-21: Updating Maven Project] INFO  o.e.m.j.i.AbstractJavaProjectConfigurator - Adding source folder /FeignApp/src/test/java
2023-12-07 08:33:54,747 [Worker-21: Updating Maven Project] INFO  o.e.m.c.i.p.ProjectConfigurationManager - Update completed: 3 sec
2023-12-07 08:33:55,935 [Worker-25: Building workspace] INFO  o.a.m.s.f.DefaultMavenResourcesFiltering - Copying 0 resource from src\main\resources to target\classes
2023-12-07 08:33:55,935 [Worker-25: Building workspace] INFO  o.a.m.s.f.DefaultMavenResourcesFiltering - Copying 0 resource from src\main\resources to target\classes
2023-12-07 08:33:55,936 [Worker-25: Building workspace] INFO  o.a.m.s.f.DefaultMavenResourcesFiltering - skip non existing resourceDirectory D:\MSA\APIService\src\test\resources
2023-12-07 08:33:56,594 [Worker-25: Building workspace] INFO  o.a.m.s.f.DefaultMavenResourcesFiltering - Copying 1 resource from src\main\resources to target\classes
2023-12-07 08:33:56,620 [Worker-25: Building workspace] INFO  o.a.m.s.f.DefaultMavenResourcesFiltering - Copying 0 resource from src\main\resources to target\classes
2023-12-07 08:33:56,622 [Worker-25: Building workspace] INFO  o.a.m.s.f.DefaultMavenResourcesFiltering - skip non existing resourceDirectory D:\MSA\FeignApp\src\test\resources
2023-12-07 08:33:57,475 [Worker-25: Building workspace] INFO  o.a.m.s.f.DefaultMavenResourcesFiltering - Copying 0 resource from src\main\resources to target\classes
2023-12-07 08:33:57,475 [Worker-25: Building workspace] INFO  o.a.m.s.f.DefaultMavenResourcesFiltering - Copying 0 resource from src\main\resources to target\classes
2023-12-07 08:33:57,476 [Worker-25: Building workspace] INFO  o.a.m.s.f.DefaultMavenResourcesFiltering - skip non existing resourceDirectory D:\MSA\ServiceRegistryApp\src\test\resources
2023-12-07 08:33:57,604 [Worker-26: Building workspace] INFO  o.a.m.s.f.DefaultMavenResourcesFiltering - Copying 0 resource from src\main\resources to target\classes
2023-12-07 08:33:57,604 [Worker-26: Building workspace] INFO  o.a.m.s.f.DefaultMavenResourcesFiltering - Copying 0 resource from src\main\resources to target\classes
2023-12-07 08:33:57,605 [Worker-26: Building workspace] INFO  o.a.m.s.f.DefaultMavenResourcesFiltering - skip non existing resourceDirectory D:\MSA\FeignApp\src\test\resources
2023-12-07 08:34:24,237 [Worker-24: Building workspace] INFO  o.a.m.s.f.DefaultMavenResourcesFiltering - Copying 1 resource from src\main\resources to target\classes
2023-12-07 08:34:24,246 [Worker-24: Building workspace] INFO  o.a.m.s.f.DefaultMavenResourcesFiltering - Copying 0 resource from src\main\resources to target\classes
2023-12-07 08:34:24,247 [Worker-24: Building workspace] INFO  o.a.m.s.f.DefaultMavenResourcesFiltering - skip non existing resourceDirectory D:\MSA\FeignApp\src\test\resources
2023-12-07 08:34:41,122 [Worker-21: Building workspace] INFO  o.a.m.s.f.DefaultMavenResourcesFiltering - Copying 1 resource from src\main\resources to target\classes
2023-12-07 08:34:41,132 [Worker-21: Building workspace] INFO  o.a.m.s.f.DefaultMavenResourcesFiltering - Copying 0 resource from src\main\resources to target\classes
2023-12-07 08:34:41,134 [Worker-21: Building workspace] INFO  o.a.m.s.f.DefaultMavenResourcesFiltering - skip non existing resourceDirectory D:\MSA\FeignApp\src\test\resources
2023-12-07 08:35:18,910 [Worker-27: Building workspace] INFO  o.a.m.s.f.DefaultMavenResourcesFiltering - Copying 1 resource from src\main\resources to target\classes
2023-12-07 08:35:18,914 [Worker-27: Building workspace] INFO  o.a.m.s.f.DefaultMavenResourcesFiltering - Copying 0 resource from src\main\resources to target\classes
2023-12-07 08:35:18,915 [Worker-27: Building workspace] INFO  o.a.m.s.f.DefaultMavenResourcesFiltering - skip non existing resourceDirectory D:\MSA\FeignApp\src\test\resources
2023-12-07 08:36:57,231 [Worker-23: Building workspace] INFO  o.a.m.s.f.DefaultMavenResourcesFiltering - Copying 1 resource from src\main\resources to target\classes
2023-12-07 08:36:57,235 [Worker-23: Building workspace] INFO  o.a.m.s.f.DefaultMavenResourcesFiltering - Copying 0 resource from src\main\resources to target\classes
2023-12-07 08:36:57,237 [Worker-23: Building workspace] INFO  o.a.m.s.f.DefaultMavenResourcesFiltering - skip non existing resourceDirectory D:\MSA\FeignApp\src\test\resources
2023-12-07 08:37:26,591 [Worker-26: Building workspace] INFO  o.a.m.s.f.DefaultMavenResourcesFiltering - Copying 1 resource from src\main\resources to target\classes
2023-12-07 08:37:26,602 [Worker-26: Building workspace] INFO  o.a.m.s.f.DefaultMavenResourcesFiltering - Copying 0 resource from src\main\resources to target\classes
2023-12-07 08:37:26,605 [Worker-26: Building workspace] INFO  o.a.m.s.f.DefaultMavenResourcesFiltering - skip non existing resourceDirectory D:\MSA\FeignApp\src\test\resources
2023-12-07 08:38:18,833 [Worker-26: Building workspace] INFO  o.a.m.s.f.DefaultMavenResourcesFiltering - Copying 1 resource from src\main\resources to target\classes
2023-12-07 08:38:18,837 [Worker-26: Building workspace] INFO  o.a.m.s.f.DefaultMavenResourcesFiltering - Copying 0 resource from src\main\resources to target\classes
2023-12-07 08:38:18,838 [Worker-26: Building workspace] INFO  o.a.m.s.f.DefaultMavenResourcesFiltering - skip non existing resourceDirectory D:\MSA\FeignApp\src\test\resources
2023-12-07 08:38:32,423 [Worker-24: Building workspace] INFO  o.a.m.s.f.DefaultMavenResourcesFiltering - Copying 1 resource from src\main\resources to target\classes
2023-12-07 08:38:32,429 [Worker-24: Building workspace] INFO  o.a.m.s.f.DefaultMavenResourcesFiltering - Copying 0 resource from src\main\resources to target\classes
2023-12-07 08:38:32,430 [Worker-24: Building workspace] INFO  o.a.m.s.f.DefaultMavenResourcesFiltering - skip non existing resourceDirectory D:\MSA\FeignApp\src\test\resources
2023-12-07 08:39:25,867 [Worker-27: Launching FeignApp - FeignAppApplication] INFO  o.a.m.s.f.DefaultMavenResourcesFiltering - Copying 1 resource from src\main\resources to target\classes
2023-12-07 08:39:25,870 [Worker-27: Launching FeignApp - FeignAppApplication] INFO  o.a.m.s.f.DefaultMavenResourcesFiltering - Copying 0 resource from src\main\resources to target\classes
2023-12-07 08:39:25,871 [Worker-27: Launching FeignApp - FeignAppApplication] INFO  o.a.m.s.f.DefaultMavenResourcesFiltering - skip non existing resourceDirectory D:\MSA\FeignApp\src\test\resources
2023-12-07 08:42:53,393 [Worker-23: Import Getting Started Content] INFO  o.e.m.c.i.p.ProjectConfigurationManager - Imported and configured 1 project(s) in 0 sec
2023-12-07 08:42:53,395 [Worker-23: Import Getting Started Content] INFO  o.e.m.c.i.p.ProjectConfigurationManager - Update started
2023-12-07 08:42:53,408 [Worker-23: Import Getting Started Content] INFO  o.e.m.c.i.p.ProjectConfigurationManager - Update completed: 0 sec
2023-12-07 08:43:06,912 [Worker-26: reload maven project] ERROR o.e.m.c.i.p.r.ProjectRegistryManager - Failed to read Maven project: 1 problem was encountered while building the effective model for com.tcs:ProductConsumerService:0.0.1-SNAPSHOT
[FATAL] Non-resolvable parent POM for com.tcs:ProductConsumerService:0.0.1-SNAPSHOT: Failure to find org.springframework.boot:spring-boot-starter-parent:pom:3.1.6.RELEASE in https://repo.maven.apache.org/maven2 was cached in the local repository, resolution will not be reattempted until the update interval of central has elapsed or updates are forced and 'parent.relativePath' points at no local POM @ line 5, column 10
 for project com.tcs:ProductConsumerService:0.0.1-SNAPSHOT at D:\MSA\ProductConsumerService\pom.xml
org.apache.maven.project.ProjectBuildingException: 1 problem was encountered while building the effective model for com.tcs:ProductConsumerService:0.0.1-SNAPSHOT
[FATAL] Non-resolvable parent POM for com.tcs:ProductConsumerService:0.0.1-SNAPSHOT: Failure to find org.springframework.boot:spring-boot-starter-parent:pom:3.1.6.RELEASE in https://repo.maven.apache.org/maven2 was cached in the local repository, resolution will not be reattempted until the update interval of central has elapsed or updates are forced and 'parent.relativePath' points at no local POM @ line 5, column 10
 for project com.tcs:ProductConsumerService:0.0.1-SNAPSHOT at D:\MSA\ProductConsumerService\pom.xml
	at org.apache.maven.project.DefaultProjectBuilder.build(DefaultProjectBuilder.java:165) ~[na:na]
	at org.apache.maven.project.DefaultProjectBuilder.build(DefaultProjectBuilder.java:116) ~[na:na]
	at org.eclipse.m2e.core.internal.embedder.MavenImpl.readMavenProject(MavenImpl.java:636) ~[na:na]
	at org.eclipse.m2e.core.internal.project.registry.ProjectRegistryManager$5.call(ProjectRegistryManager.java:816) ~[na:na]
	at org.eclipse.m2e.core.internal.project.registry.ProjectRegistryManager$5.call(ProjectRegistryManager.java:1) ~[na:na]
	at org.eclipse.m2e.core.internal.embedder.MavenExecutionContext.executeBare(MavenExecutionContext.java:177) ~[na:na]
	at org.eclipse.m2e.core.internal.embedder.MavenExecutionContext.execute(MavenExecutionContext.java:151) ~[na:na]
	at org.eclipse.m2e.core.internal.embedder.MavenExecutionContext.execute(MavenExecutionContext.java:99) ~[na:na]
	at org.eclipse.m2e.core.internal.project.registry.ProjectRegistryManager.execute(ProjectRegistryManager.java:967) ~[na:na]
	at org.eclipse.m2e.core.internal.project.registry.ProjectRegistryManager.readProjectWithDependencies(ProjectRegistryManager.java:811) ~[na:na]
	at org.eclipse.m2e.core.internal.project.registry.ProjectRegistryManager.create(ProjectRegistryManager.java:192) ~[na:na]
	at org.eclipse.m2e.core.internal.project.registry.MavenProjectManager.create(MavenProjectManager.java:80) ~[na:na]
	at org.eclipse.m2e.core.ui.internal.actions.SelectionUtil.getMavenProject(SelectionUtil.java:259) ~[org.eclipse.m2e.core.ui_1.9.1.20180912-1601.jar:na]
	at org.eclipse.m2e.editor.pom.MavenPomEditor.readMavenProject(MavenPomEditor.java:740) ~[na:na]
	at org.eclipse.m2e.editor.pom.MavenPomEditor$5.run(MavenPomEditor.java:1074) ~[na:na]
	at org.eclipse.core.internal.jobs.Worker.run(Worker.java:63) ~[org.eclipse.core.jobs_3.10.100.v20180817-1215.jar:na]
Caused by: org.apache.maven.model.building.ModelBuildingException: 1 problem was encountered while building the effective model for com.tcs:ProductConsumerService:0.0.1-SNAPSHOT
[FATAL] Non-resolvable parent POM for com.tcs:ProductConsumerService:0.0.1-SNAPSHOT: Failure to find org.springframework.boot:spring-boot-starter-parent:pom:3.1.6.RELEASE in https://repo.maven.apache.org/maven2 was cached in the local repository, resolution will not be reattempted until the update interval of central has elapsed or updates are forced and 'parent.relativePath' points at no local POM @ line 5, column 10

	at org.apache.maven.model.building.DefaultModelProblemCollector.newModelBuildingException(DefaultModelProblemCollector.java:197) ~[na:na]
	at org.apache.maven.model.building.DefaultModelBuilder.readParentExternally(DefaultModelBuilder.java:1082) ~[na:na]
	at org.apache.maven.model.building.DefaultModelBuilder.readParent(DefaultModelBuilder.java:830) ~[na:na]
	at org.apache.maven.model.building.DefaultModelBuilder.build(DefaultModelBuilder.java:332) ~[na:na]
	at org.apache.maven.project.DefaultProjectBuilder.build(DefaultProjectBuilder.java:158) ~[na:na]
	... 15 common frames omitted
2023-12-07 08:43:12,389 [Worker-21: Building workspace] INFO  o.e.m.c.i.l.LifecycleMappingFactory - Using org.eclipse.m2e.jdt.JarLifecycleMapping lifecycle mapping for MavenProject: com.tcs:ProductConsumerService:0.0.1-SNAPSHOT @ D:\MSA\ProductConsumerService\pom.xml.
2023-12-07 08:43:12,986 [Worker-21: Building workspace] INFO  o.a.m.s.f.DefaultMavenResourcesFiltering - Copying 1 resource from src\main\resources to target\classes
2023-12-07 08:43:12,987 [Worker-21: Building workspace] INFO  o.a.m.s.f.DefaultMavenResourcesFiltering - Copying 0 resource from src\main\resources to target\classes
2023-12-07 08:43:12,988 [Worker-21: Building workspace] INFO  o.a.m.s.f.DefaultMavenResourcesFiltering - skip non existing resourceDirectory D:\MSA\ProductConsumerService\src\test\resources
2023-12-07 08:43:29,572 [Worker-24: Updating Maven Project] INFO  o.e.m.c.i.p.ProjectConfigurationManager - Update started
2023-12-07 08:43:30,500 [Worker-24: Updating Maven Project] INFO  o.e.m.c.i.l.LifecycleMappingFactory - Using org.eclipse.m2e.jdt.JarLifecycleMapping lifecycle mapping for MavenProject: com.tcs:ProductConsumerService:0.0.1-SNAPSHOT @ D:\MSA\ProductConsumerService\pom.xml.
2023-12-07 08:43:30,959 [Worker-24: Updating Maven Project] INFO  o.e.m.c.i.l.LifecycleMappingFactory - Using org.eclipse.m2e.jdt.JarLifecycleMapping lifecycle mapping for MavenProject: com.tcs:ServiceRegistryApp:0.0.1-SNAPSHOT @ D:\MSA\ServiceRegistryApp\pom.xml.
2023-12-07 08:43:31,305 [Worker-24: Updating Maven Project] INFO  o.e.m.c.i.l.LifecycleMappingFactory - Using org.eclipse.m2e.jdt.JarLifecycleMapping lifecycle mapping for MavenProject: com.tcs:FeignApp:0.0.1-SNAPSHOT @ D:\MSA\FeignApp\pom.xml.
2023-12-07 08:43:32,043 [Worker-24: Updating Maven Project] INFO  o.e.m.j.i.AbstractJavaProjectConfigurator - Adding source folder /ProductConsumerService/src/main/java
2023-12-07 08:43:32,043 [Worker-24: Updating Maven Project] INFO  o.e.m.j.i.AbstractJavaProjectConfigurator - Adding resource folder /ProductConsumerService/src/main/resources
2023-12-07 08:43:32,048 [Worker-24: Updating Maven Project] INFO  o.e.m.j.i.AbstractJavaProjectConfigurator - Adding resource folder /ProductConsumerService/src/main/resources
2023-12-07 08:43:32,050 [Worker-24: Updating Maven Project] INFO  o.e.m.j.i.AbstractJavaProjectConfigurator - Adding source folder /ProductConsumerService/src/test/java
2023-12-07 08:43:32,389 [Worker-24: Updating Maven Project] INFO  o.e.m.c.i.p.ProjectConfigurationManager - Update completed: 2 sec
2023-12-07 08:43:33,546 [Worker-26: Building workspace] INFO  o.a.m.s.f.DefaultMavenResourcesFiltering - Copying 0 resource from src\main\resources to target\classes
2023-12-07 08:43:33,546 [Worker-26: Building workspace] INFO  o.a.m.s.f.DefaultMavenResourcesFiltering - Copying 0 resource from src\main\resources to target\classes
2023-12-07 08:43:33,548 [Worker-26: Building workspace] INFO  o.a.m.s.f.DefaultMavenResourcesFiltering - skip non existing resourceDirectory D:\MSA\FeignApp\src\test\resources
2023-12-07 08:43:34,122 [Worker-26: Building workspace] INFO  o.a.m.s.f.DefaultMavenResourcesFiltering - Copying 1 resource from src\main\resources to target\classes
2023-12-07 08:43:34,133 [Worker-26: Building workspace] INFO  o.a.m.s.f.DefaultMavenResourcesFiltering - Copying 0 resource from src\main\resources to target\classes
2023-12-07 08:43:34,134 [Worker-26: Building workspace] INFO  o.a.m.s.f.DefaultMavenResourcesFiltering - skip non existing resourceDirectory D:\MSA\ProductConsumerService\src\test\resources
2023-12-07 08:43:34,718 [Worker-26: Building workspace] INFO  o.a.m.s.f.DefaultMavenResourcesFiltering - Copying 0 resource from src\main\resources to target\classes
2023-12-07 08:43:34,718 [Worker-26: Building workspace] INFO  o.a.m.s.f.DefaultMavenResourcesFiltering - Copying 0 resource from src\main\resources to target\classes
2023-12-07 08:43:34,719 [Worker-26: Building workspace] INFO  o.a.m.s.f.DefaultMavenResourcesFiltering - skip non existing resourceDirectory D:\MSA\ServiceRegistryApp\src\test\resources
2023-12-07 08:43:34,848 [Worker-28: Building workspace] INFO  o.a.m.s.f.DefaultMavenResourcesFiltering - Copying 0 resource from src\main\resources to target\classes
2023-12-07 08:43:34,848 [Worker-28: Building workspace] INFO  o.a.m.s.f.DefaultMavenResourcesFiltering - Copying 0 resource from src\main\resources to target\classes
2023-12-07 08:43:34,849 [Worker-28: Building workspace] INFO  o.a.m.s.f.DefaultMavenResourcesFiltering - skip non existing resourceDirectory D:\MSA\ProductConsumerService\src\test\resources
2023-12-07 08:44:37,473 [Worker-24: Building workspace] INFO  o.a.m.s.f.DefaultMavenResourcesFiltering - Copying 1 resource from src\main\resources to target\classes
2023-12-07 08:44:37,479 [Worker-24: Building workspace] INFO  o.a.m.s.f.DefaultMavenResourcesFiltering - Copying 0 resource from src\main\resources to target\classes
2023-12-07 08:44:37,481 [Worker-24: Building workspace] INFO  o.a.m.s.f.DefaultMavenResourcesFiltering - skip non existing resourceDirectory D:\MSA\ProductConsumerService\src\test\resources
2023-12-07 08:44:40,387 [Worker-23: Building workspace] INFO  o.a.m.s.f.DefaultMavenResourcesFiltering - Copying 1 resource from src\main\resources to target\classes
2023-12-07 08:44:40,392 [Worker-23: Building workspace] INFO  o.a.m.s.f.DefaultMavenResourcesFiltering - Copying 0 resource from src\main\resources to target\classes
2023-12-07 08:44:40,393 [Worker-23: Building workspace] INFO  o.a.m.s.f.DefaultMavenResourcesFiltering - skip non existing resourceDirectory D:\MSA\ProductConsumerService\src\test\resources
2023-12-07 08:45:18,564 [Worker-21: Building workspace] INFO  o.a.m.s.f.DefaultMavenResourcesFiltering - Copying 1 resource from src\main\resources to target\classes
2023-12-07 08:45:18,572 [Worker-21: Building workspace] INFO  o.a.m.s.f.DefaultMavenResourcesFiltering - Copying 0 resource from src\main\resources to target\classes
2023-12-07 08:45:18,574 [Worker-21: Building workspace] INFO  o.a.m.s.f.DefaultMavenResourcesFiltering - skip non existing resourceDirectory D:\MSA\ProductConsumerService\src\test\resources
2023-12-07 08:45:47,877 [Worker-26: Building workspace] INFO  o.a.m.s.f.DefaultMavenResourcesFiltering - Copying 1 resource from src\main\resources to target\classes
2023-12-07 08:45:47,885 [Worker-26: Building workspace] INFO  o.a.m.s.f.DefaultMavenResourcesFiltering - Copying 0 resource from src\main\resources to target\classes
2023-12-07 08:45:47,887 [Worker-26: Building workspace] INFO  o.a.m.s.f.DefaultMavenResourcesFiltering - skip non existing resourceDirectory D:\MSA\ProductConsumerService\src\test\resources
2023-12-07 08:46:36,944 [Worker-23: Building workspace] INFO  o.a.m.s.f.DefaultMavenResourcesFiltering - Copying 1 resource from src\main\resources to target\classes
2023-12-07 08:46:36,948 [Worker-23: Building workspace] INFO  o.a.m.s.f.DefaultMavenResourcesFiltering - Copying 0 resource from src\main\resources to target\classes
2023-12-07 08:46:36,949 [Worker-23: Building workspace] INFO  o.a.m.s.f.DefaultMavenResourcesFiltering - skip non existing resourceDirectory D:\MSA\ProductConsumerService\src\test\resources
2023-12-07 08:48:24,258 [Worker-26: Building workspace] INFO  o.a.m.s.f.DefaultMavenResourcesFiltering - Copying 1 resource from src\main\resources to target\classes
2023-12-07 08:48:24,260 [Worker-26: Building workspace] INFO  o.a.m.s.f.DefaultMavenResourcesFiltering - Copying 0 resource from src\main\resources to target\classes
2023-12-07 08:48:24,261 [Worker-26: Building workspace] INFO  o.a.m.s.f.DefaultMavenResourcesFiltering - skip non existing resourceDirectory D:\MSA\ProductConsumerService\src\test\resources
2023-12-07 08:51:32,495 [Worker-24: Building workspace] INFO  o.a.m.s.f.DefaultMavenResourcesFiltering - Copying 1 resource from src\main\resources to target\classes
2023-12-07 08:51:32,499 [Worker-24: Building workspace] INFO  o.a.m.s.f.DefaultMavenResourcesFiltering - Copying 0 resource from src\main\resources to target\classes
2023-12-07 08:51:32,500 [Worker-24: Building workspace] INFO  o.a.m.s.f.DefaultMavenResourcesFiltering - skip non existing resourceDirectory D:\MSA\ProductConsumerService\src\test\resources
2023-12-07 08:52:19,788 [Worker-27: Building workspace] INFO  o.a.m.s.f.DefaultMavenResourcesFiltering - Copying 1 resource from src\main\resources to target\classes
2023-12-07 08:52:19,793 [Worker-27: Building workspace] INFO  o.a.m.s.f.DefaultMavenResourcesFiltering - Copying 0 resource from src\main\resources to target\classes
2023-12-07 08:52:19,795 [Worker-27: Building workspace] INFO  o.a.m.s.f.DefaultMavenResourcesFiltering - skip non existing resourceDirectory D:\MSA\ProductConsumerService\src\test\resources
2023-12-07 08:52:47,927 [Worker-24: Building workspace] INFO  o.a.m.s.f.DefaultMavenResourcesFiltering - Copying 1 resource from src\main\resources to target\classes
2023-12-07 08:52:47,941 [Worker-24: Building workspace] INFO  o.a.m.s.f.DefaultMavenResourcesFiltering - Copying 0 resource from src\main\resources to target\classes
2023-12-07 08:52:47,942 [Worker-24: Building workspace] INFO  o.a.m.s.f.DefaultMavenResourcesFiltering - skip non existing resourceDirectory D:\MSA\ProductConsumerService\src\test\resources
2023-12-07 08:53:33,882 [Worker-28: Building workspace] INFO  o.a.m.s.f.DefaultMavenResourcesFiltering - Copying 1 resource from src\main\resources to target\classes
2023-12-07 08:53:33,891 [Worker-28: Building workspace] INFO  o.a.m.s.f.DefaultMavenResourcesFiltering - Copying 0 resource from src\main\resources to target\classes
2023-12-07 08:53:33,892 [Worker-28: Building workspace] INFO  o.a.m.s.f.DefaultMavenResourcesFiltering - skip non existing resourceDirectory D:\MSA\ProductConsumerService\src\test\resources
2023-12-07 08:54:43,353 [Worker-24: Building workspace] INFO  o.a.m.s.f.DefaultMavenResourcesFiltering - Copying 1 resource from src\main\resources to target\classes
2023-12-07 08:54:43,365 [Worker-24: Building workspace] INFO  o.a.m.s.f.DefaultMavenResourcesFiltering - Copying 0 resource from src\main\resources to target\classes
2023-12-07 08:54:43,366 [Worker-24: Building workspace] INFO  o.a.m.s.f.DefaultMavenResourcesFiltering - skip non existing resourceDirectory D:\MSA\ProductConsumerService\src\test\resources
2023-12-07 08:54:50,708 [Worker-24: Building workspace] INFO  o.a.m.s.f.DefaultMavenResourcesFiltering - Copying 1 resource from src\main\resources to target\classes
2023-12-07 08:54:50,711 [Worker-24: Building workspace] INFO  o.a.m.s.f.DefaultMavenResourcesFiltering - Copying 0 resource from src\main\resources to target\classes
2023-12-07 08:54:50,712 [Worker-24: Building workspace] INFO  o.a.m.s.f.DefaultMavenResourcesFiltering - skip non existing resourceDirectory D:\MSA\ProductConsumerService\src\test\resources
2023-12-07 08:58:04,622 [Worker-29: Building workspace] INFO  o.a.m.s.f.DefaultMavenResourcesFiltering - Copying 1 resource from src\main\resources to target\classes
2023-12-07 08:58:04,626 [Worker-29: Building workspace] INFO  o.a.m.s.f.DefaultMavenResourcesFiltering - Copying 0 resource from src\main\resources to target\classes
2023-12-07 08:58:04,627 [Worker-29: Building workspace] INFO  o.a.m.s.f.DefaultMavenResourcesFiltering - skip non existing resourceDirectory D:\MSA\FeignApp\src\test\resources
2023-12-07 09:02:29,439 [Worker-27: Building workspace] INFO  o.a.m.s.f.DefaultMavenResourcesFiltering - Copying 1 resource from src\main\resources to target\classes
2023-12-07 09:02:29,442 [Worker-27: Building workspace] INFO  o.a.m.s.f.DefaultMavenResourcesFiltering - Copying 0 resource from src\main\resources to target\classes
2023-12-07 09:02:29,442 [Worker-27: Building workspace] INFO  o.a.m.s.f.DefaultMavenResourcesFiltering - skip non existing resourceDirectory D:\MSA\ProductConsumerService\src\test\resources
2023-12-07 09:03:18,750 [Worker-30: Building workspace] INFO  o.a.m.s.f.DefaultMavenResourcesFiltering - Copying 1 resource from src\main\resources to target\classes
2023-12-07 09:03:18,759 [Worker-30: Building workspace] INFO  o.a.m.s.f.DefaultMavenResourcesFiltering - Copying 0 resource from src\main\resources to target\classes
2023-12-07 09:03:18,760 [Worker-30: Building workspace] INFO  o.a.m.s.f.DefaultMavenResourcesFiltering - skip non existing resourceDirectory D:\MSA\ProductConsumerService\src\test\resources
2023-12-07 09:06:53,087 [Worker-28: Building workspace] INFO  o.e.m.c.i.l.LifecycleMappingFactory - Using org.eclipse.m2e.jdt.JarLifecycleMapping lifecycle mapping for MavenProject: com.tcs:APIService:0.0.1-SNAPSHOT @ D:\MSA\APIService\pom.xml.
2023-12-07 09:06:54,074 [Worker-28: Building workspace] INFO  o.a.m.s.f.DefaultMavenResourcesFiltering - Copying 0 resource from src\main\resources to target\classes
2023-12-07 09:06:54,074 [Worker-28: Building workspace] INFO  o.a.m.s.f.DefaultMavenResourcesFiltering - Copying 0 resource from src\main\resources to target\classes
2023-12-07 09:06:54,075 [Worker-28: Building workspace] INFO  o.a.m.s.f.DefaultMavenResourcesFiltering - skip non existing resourceDirectory D:\MSA\APIService\src\test\resources
2023-12-07 09:06:56,474 [Worker-32: Building workspace] INFO  o.a.m.s.f.DefaultMavenResourcesFiltering - Copying 1 resource from src\main\resources to target\classes
2023-12-07 09:06:56,476 [Worker-32: Building workspace] INFO  o.a.m.s.f.DefaultMavenResourcesFiltering - Copying 0 resource from src\main\resources to target\classes
2023-12-07 09:06:56,478 [Worker-32: Building workspace] INFO  o.a.m.s.f.DefaultMavenResourcesFiltering - skip non existing resourceDirectory D:\MSA\APIService\src\test\resources
2023-12-07 09:08:31,793 [Worker-31: Building workspace] INFO  o.e.m.c.i.l.LifecycleMappingFactory - Using org.eclipse.m2e.jdt.JarLifecycleMapping lifecycle mapping for MavenProject: com.tcs:APIService:0.0.1-SNAPSHOT @ D:\MSA\APIService\pom.xml.
2023-12-07 09:08:32,725 [Worker-31: Building workspace] INFO  o.a.m.s.f.DefaultMavenResourcesFiltering - Copying 0 resource from src\main\resources to target\classes
2023-12-07 09:08:32,725 [Worker-31: Building workspace] INFO  o.a.m.s.f.DefaultMavenResourcesFiltering - Copying 0 resource from src\main\resources to target\classes
2023-12-07 09:08:32,727 [Worker-31: Building workspace] INFO  o.a.m.s.f.DefaultMavenResourcesFiltering - skip non existing resourceDirectory D:\MSA\APIService\src\test\resources
2023-12-07 09:08:34,799 [Worker-31: Building workspace] INFO  o.a.m.s.f.DefaultMavenResourcesFiltering - Copying 1 resource from src\main\resources to target\classes
2023-12-07 09:08:34,802 [Worker-31: Building workspace] INFO  o.a.m.s.f.DefaultMavenResourcesFiltering - Copying 0 resource from src\main\resources to target\classes
2023-12-07 09:08:34,803 [Worker-31: Building workspace] INFO  o.a.m.s.f.DefaultMavenResourcesFiltering - skip non existing resourceDirectory D:\MSA\APIService\src\test\resources
